"Severity","ThreadID","Date","Time","Application","Message"
"ERROR","http-nio-80-exec-5","02/13/2020","14:40:32","","Page /application/settings.cfm [D:\lucee\tomcat\webapps\inesse\application\settings.cfm] not found;Page /application/settings.cfm [D:\lucee\tomcat\webapps\inesse\application\settings.cfm] not found;lucee.runtime.exp.MissingIncludeException: Page /application/settings.cfm [D:\lucee\tomcat\webapps\inesse\application\settings.cfm] not found
	at lucee.runtime.PageSourceImpl.loadPage(PageSourceImpl.java:984)
	at lucee.runtime.PageContextImpl._doInclude(PageContextImpl.java:939)
	at lucee.runtime.PageContextImpl._doInclude(PageContextImpl.java:836)
	at lucee.runtime.PageContextImpl.doInclude(PageContextImpl.java:818)
	at application_cfc$cf.initComponent(/application.cfc:4)
	at application_cfc$cf.newInstance(/application.cfc:1)
	at lucee.runtime.component.ComponentLoader.initComponent(ComponentLoader.java:548)
	at lucee.runtime.component.ComponentLoader._loadComponent(ComponentLoader.java:487)
	at lucee.runtime.component.ComponentLoader.loadComponent(ComponentLoader.java:375)
	at lucee.runtime.listener.ModernAppListener._onRequest(ModernAppListener.java:113)
	at lucee.runtime.listener.MixedAppListener.onRequest(MixedAppListener.java:42)
	at lucee.runtime.PageContextImpl.execute(PageContextImpl.java:2415)
	at lucee.runtime.PageContextImpl._execute(PageContextImpl.java:2405)
	at lucee.runtime.PageContextImpl.executeCFML(PageContextImpl.java:2380)
	at lucee.runtime.engine.Request.exe(Request.java:43)
	at lucee.runtime.engine.CFMLEngineImpl._service(CFMLEngineImpl.java:1110)
	at lucee.runtime.engine.CFMLEngineImpl.serviceCFML(CFMLEngineImpl.java:1056)
	at lucee.loader.engine.CFMLEngineWrapper.serviceCFML(CFMLEngineWrapper.java:97)
	at lucee.loader.servlet.CFMLServlet.service(CFMLServlet.java:51)
	at javax.servlet.http.HttpServlet.service(HttpServlet.java:741)
	at org.apache.catalina.core.ApplicationFilterChain.internalDoFilter(ApplicationFilterChain.java:231)
	at org.apache.catalina.core.ApplicationFilterChain.doFilter(ApplicationFilterChain.java:166)
	at org.apache.tomcat.websocket.server.WsFilter.doFilter(WsFilter.java:53)
	at org.apache.catalina.core.ApplicationFilterChain.internalDoFilter(ApplicationFilterChain.java:193)
	at org.apache.catalina.core.ApplicationFilterChain.doFilter(ApplicationFilterChain.java:166)
	at org.apache.catalina.core.StandardWrapperValve.invoke(StandardWrapperValve.java:202)
	at org.apache.catalina.core.StandardContextValve.invoke(StandardContextValve.java:96)
	at org.apache.catalina.authenticator.AuthenticatorBase.invoke(AuthenticatorBase.java:541)
	at org.apache.catalina.core.StandardHostValve.invoke(StandardHostValve.java:139)
	at org.apache.catalina.valves.ErrorReportValve.invoke(ErrorReportValve.java:92)
	at org.apache.catalina.core.StandardEngineValve.invoke(StandardEngineValve.java:74)
	at org.apache.catalina.connector.CoyoteAdapter.service(CoyoteAdapter.java:343)
	at org.apache.coyote.http11.Http11Processor.service(Http11Processor.java:367)
	at org.apache.coyote.AbstractProcessorLight.process(AbstractProcessorLight.java:65)
	at org.apache.coyote.AbstractProtocol$ConnectionHandler.process(AbstractProtocol.java:860)
	at org.apache.tomcat.util.net.NioEndpoint$SocketProcessor.doRun(NioEndpoint.java:1598)
	at org.apache.tomcat.util.net.SocketProcessorBase.run(SocketProcessorBase.java:49)
	at java.base/java.util.concurrent.ThreadPoolExecutor.runWorker(Unknown Source)
	at java.base/java.util.concurrent.ThreadPoolExecutor$Worker.run(Unknown Source)
	at org.apache.tomcat.util.threads.TaskThread$WrappingRunnable.run(TaskThread.java:61)
	at java.base/java.lang.Thread.run(Unknown Source)
"
"ERROR","http-nio-80-exec-9","02/13/2020","14:41:31","","Page /home.cfm [D:\lucee\tomcat\webapps\inesse\home.cfm] not found;Page /home.cfm [D:\lucee\tomcat\webapps\inesse\home.cfm] not found;lucee.runtime.exp.MissingIncludeException: Page /home.cfm [D:\lucee\tomcat\webapps\inesse\home.cfm] not found
	at lucee.runtime.PageSourceImpl.loadPage(PageSourceImpl.java:984)
	at lucee.runtime.PageContextImpl._doInclude(PageContextImpl.java:939)
	at lucee.runtime.PageContextImpl._doInclude(PageContextImpl.java:836)
	at lucee.runtime.PageContextImpl.doInclude(PageContextImpl.java:818)
	at index_cfm$cf.call(/index.cfm:1)
	at lucee.runtime.PageContextImpl._doInclude(PageContextImpl.java:944)
	at lucee.runtime.PageContextImpl._doInclude(PageContextImpl.java:836)
	at lucee.runtime.PageContextImpl.doInclude(PageContextImpl.java:818)
	at application_cfc$cf.udfCall(/application.cfc:57)
	at lucee.runtime.type.UDFImpl.implementation(UDFImpl.java:106)
	at lucee.runtime.type.UDFImpl._call(UDFImpl.java:342)
	at lucee.runtime.type.UDFImpl.call(UDFImpl.java:215)
	at lucee.runtime.ComponentImpl._call(ComponentImpl.java:680)
	at lucee.runtime.ComponentImpl._call(ComponentImpl.java:568)
	at lucee.runtime.ComponentImpl.call(ComponentImpl.java:1898)
	at lucee.runtime.listener.ModernAppListener.call(ModernAppListener.java:436)
	at lucee.runtime.listener.ModernAppListener._onRequest(ModernAppListener.java:215)
	at lucee.runtime.listener.MixedAppListener.onRequest(MixedAppListener.java:42)
	at lucee.runtime.PageContextImpl.execute(PageContextImpl.java:2415)
	at lucee.runtime.PageContextImpl._execute(PageContextImpl.java:2405)
	at lucee.runtime.PageContextImpl.executeCFML(PageContextImpl.java:2380)
	at lucee.runtime.engine.Request.exe(Request.java:43)
	at lucee.runtime.engine.CFMLEngineImpl._service(CFMLEngineImpl.java:1110)
	at lucee.runtime.engine.CFMLEngineImpl.serviceCFML(CFMLEngineImpl.java:1056)
	at lucee.loader.engine.CFMLEngineWrapper.serviceCFML(CFMLEngineWrapper.java:97)
	at lucee.loader.servlet.CFMLServlet.service(CFMLServlet.java:51)
	at javax.servlet.http.HttpServlet.service(HttpServlet.java:741)
	at org.apache.catalina.core.ApplicationFilterChain.internalDoFilter(ApplicationFilterChain.java:231)
	at org.apache.catalina.core.ApplicationFilterChain.doFilter(ApplicationFilterChain.java:166)
	at org.apache.tomcat.websocket.server.WsFilter.doFilter(WsFilter.java:53)
	at org.apache.catalina.core.ApplicationFilterChain.internalDoFilter(ApplicationFilterChain.java:193)
	at org.apache.catalina.core.ApplicationFilterChain.doFilter(ApplicationFilterChain.java:166)
	at org.apache.catalina.core.StandardWrapperValve.invoke(StandardWrapperValve.java:202)
	at org.apache.catalina.core.StandardContextValve.invoke(StandardContextValve.java:96)
	at org.apache.catalina.authenticator.AuthenticatorBase.invoke(AuthenticatorBase.java:541)
	at org.apache.catalina.core.StandardHostValve.invoke(StandardHostValve.java:139)
	at org.apache.catalina.valves.ErrorReportValve.invoke(ErrorReportValve.java:92)
	at org.apache.catalina.core.StandardEngineValve.invoke(StandardEngineValve.java:74)
	at org.apache.catalina.connector.CoyoteAdapter.service(CoyoteAdapter.java:343)
	at org.apache.coyote.http11.Http11Processor.service(Http11Processor.java:367)
	at org.apache.coyote.AbstractProcessorLight.process(AbstractProcessorLight.java:65)
	at org.apache.coyote.AbstractProtocol$ConnectionHandler.process(AbstractProtocol.java:860)
	at org.apache.tomcat.util.net.NioEndpoint$SocketProcessor.doRun(NioEndpoint.java:1598)
	at org.apache.tomcat.util.net.SocketProcessorBase.run(SocketProcessorBase.java:49)
	at java.base/java.util.concurrent.ThreadPoolExecutor.runWorker(Unknown Source)
	at java.base/java.util.concurrent.ThreadPoolExecutor$Worker.run(Unknown Source)
	at org.apache.tomcat.util.threads.TaskThread$WrappingRunnable.run(TaskThread.java:61)
	at java.base/java.lang.Thread.run(Unknown Source)
"
"ERROR","http-nio-80-exec-8","02/13/2020","14:41:32","","Page /home.cfm [D:\lucee\tomcat\webapps\inesse\home.cfm] not found;Page /home.cfm [D:\lucee\tomcat\webapps\inesse\home.cfm] not found;lucee.runtime.exp.MissingIncludeException: Page /home.cfm [D:\lucee\tomcat\webapps\inesse\home.cfm] not found
	at lucee.runtime.PageSourceImpl.loadPage(PageSourceImpl.java:984)
	at lucee.runtime.PageContextImpl._doInclude(PageContextImpl.java:939)
	at lucee.runtime.PageContextImpl._doInclude(PageContextImpl.java:836)
	at lucee.runtime.PageContextImpl.doInclude(PageContextImpl.java:818)
	at index_cfm$cf.call(/index.cfm:1)
	at lucee.runtime.PageContextImpl._doInclude(PageContextImpl.java:944)
	at lucee.runtime.PageContextImpl._doInclude(PageContextImpl.java:836)
	at lucee.runtime.PageContextImpl.doInclude(PageContextImpl.java:818)
	at application_cfc$cf.udfCall(/application.cfc:57)
	at lucee.runtime.type.UDFImpl.implementation(UDFImpl.java:106)
	at lucee.runtime.type.UDFImpl._call(UDFImpl.java:342)
	at lucee.runtime.type.UDFImpl.call(UDFImpl.java:215)
	at lucee.runtime.ComponentImpl._call(ComponentImpl.java:680)
	at lucee.runtime.ComponentImpl._call(ComponentImpl.java:568)
	at lucee.runtime.ComponentImpl.call(ComponentImpl.java:1898)
	at lucee.runtime.listener.ModernAppListener.call(ModernAppListener.java:436)
	at lucee.runtime.listener.ModernAppListener._onRequest(ModernAppListener.java:215)
	at lucee.runtime.listener.MixedAppListener.onRequest(MixedAppListener.java:42)
	at lucee.runtime.PageContextImpl.execute(PageContextImpl.java:2415)
	at lucee.runtime.PageContextImpl._execute(PageContextImpl.java:2405)
	at lucee.runtime.PageContextImpl.executeCFML(PageContextImpl.java:2380)
	at lucee.runtime.engine.Request.exe(Request.java:43)
	at lucee.runtime.engine.CFMLEngineImpl._service(CFMLEngineImpl.java:1110)
	at lucee.runtime.engine.CFMLEngineImpl.serviceCFML(CFMLEngineImpl.java:1056)
	at lucee.loader.engine.CFMLEngineWrapper.serviceCFML(CFMLEngineWrapper.java:97)
	at lucee.loader.servlet.CFMLServlet.service(CFMLServlet.java:51)
	at javax.servlet.http.HttpServlet.service(HttpServlet.java:741)
	at org.apache.catalina.core.ApplicationFilterChain.internalDoFilter(ApplicationFilterChain.java:231)
	at org.apache.catalina.core.ApplicationFilterChain.doFilter(ApplicationFilterChain.java:166)
	at org.apache.tomcat.websocket.server.WsFilter.doFilter(WsFilter.java:53)
	at org.apache.catalina.core.ApplicationFilterChain.internalDoFilter(ApplicationFilterChain.java:193)
	at org.apache.catalina.core.ApplicationFilterChain.doFilter(ApplicationFilterChain.java:166)
	at org.apache.catalina.core.StandardWrapperValve.invoke(StandardWrapperValve.java:202)
	at org.apache.catalina.core.StandardContextValve.invoke(StandardContextValve.java:96)
	at org.apache.catalina.authenticator.AuthenticatorBase.invoke(AuthenticatorBase.java:541)
	at org.apache.catalina.core.StandardHostValve.invoke(StandardHostValve.java:139)
	at org.apache.catalina.valves.ErrorReportValve.invoke(ErrorReportValve.java:92)
	at org.apache.catalina.core.StandardEngineValve.invoke(StandardEngineValve.java:74)
	at org.apache.catalina.connector.CoyoteAdapter.service(CoyoteAdapter.java:343)
	at org.apache.coyote.http11.Http11Processor.service(Http11Processor.java:367)
	at org.apache.coyote.AbstractProcessorLight.process(AbstractProcessorLight.java:65)
	at org.apache.coyote.AbstractProtocol$ConnectionHandler.process(AbstractProtocol.java:860)
	at org.apache.tomcat.util.net.NioEndpoint$SocketProcessor.doRun(NioEndpoint.java:1598)
	at org.apache.tomcat.util.net.SocketProcessorBase.run(SocketProcessorBase.java:49)
	at java.base/java.util.concurrent.ThreadPoolExecutor.runWorker(Unknown Source)
	at java.base/java.util.concurrent.ThreadPoolExecutor$Worker.run(Unknown Source)
	at org.apache.tomcat.util.threads.TaskThread$WrappingRunnable.run(TaskThread.java:61)
	at java.base/java.lang.Thread.run(Unknown Source)
"
